<?xml version="1.0" encoding="UTF-8" ?>
<testsuite errors="0" failures="0" hostname="DESKTOP-5DUQNGC" name="test.tinyuml.draw.RectilinearLineBuilderTest" skipped="0" tests="13" time="0.192" timestamp="2022-03-08T13:01:05">
  <properties>
[...]
</properties>
  <testcase classname="test.tinyuml.draw.RectilinearLineBuilderTest" name="testCalculateLineSegmentsWithNodesNorthSouth" time="0.028" />
  <testcase classname="test.tinyuml.draw.RectilinearLineBuilderTest" name="testCalculateLineSegmentsWithNodesSeNw" time="0.006" />
  <testcase classname="test.tinyuml.draw.RectilinearLineBuilderTest" name="testCalculateLineSegmentsWithNodesSwNe" time="0.001" />
  <testcase classname="test.tinyuml.draw.RectilinearLineBuilderTest" name="testCalculateLineSegmentsWithNodesWestEast" time="0.0" />
  <testcase classname="test.tinyuml.draw.RectilinearLineBuilderTest" name="testGetDirection" time="0.0" />
  <testcase classname="test.tinyuml.draw.RectilinearLineBuilderTest" name="testGenerateOnNorthSide" time="0.0" />
  <testcase classname="test.tinyuml.draw.RectilinearLineBuilderTest" name="testGenerateNWVertical" time="0.0" />
  <testcase classname="test.tinyuml.draw.RectilinearLineBuilderTest" name="testGetNodeDirection" time="0.001" />
  <testcase classname="test.tinyuml.draw.RectilinearLineBuilderTest" name="testGenerateNWHorizontal" time="0.001" />
  <testcase classname="test.tinyuml.draw.RectilinearLineBuilderTest" name="testGenerateOnWestSide" time="0.0" />
  <testcase classname="test.tinyuml.draw.RectilinearLineBuilderTest" name="testGenerateOnSouthSide" time="0.0" />
  <testcase classname="test.tinyuml.draw.RectilinearLineBuilderTest" name="testFixedPointInsideRectangle" time="0.0" />
  <testcase classname="test.tinyuml.draw.RectilinearLineBuilderTest" name="testGenerateOnEastSide" time="0.0" />
  <system-out><![CDATA[]]></system-out>
  <system-err><![CDATA[]]></system-err>
</testsuite>
