<?xml version="1.0" encoding="UTF-8" ?>
<testsuite errors="0" failures="3" hostname="DESKTOP-5DUQNGC" name="test.tinyuml.ui.diagram.commands.AddConnectionCommandTest" skipped="0" tests="3" time="0.282" timestamp="2022-03-08T13:01:23">
  <properties>
[...]
</properties>
  <testcase classname="junit.framework.TestSuite$1" name="warning" time="0.007">
    <failure message="Exception in constructor: testRedo (java.lang.ExceptionInInitializerError&#xd;&#xa;&#x9;at net.sf.cglib.core.KeyFactory$Generator.generateClass(KeyFactory.java:199)&#xd;&#xa;&#x9;at net.sf.cglib.core.DefaultGeneratorStrategy.generate(DefaultGeneratorStrategy.java:63)&#xd;&#xa;&#x9;at net.sf.cglib.core.AbstractClassGenerator.create(AbstractClassGenerator.java:190)&#xd;&#xa;&#x9;at net.sf.cglib.core.KeyFactory$Generator.create(KeyFactory.java:177)&#xd;&#xa;&#x9;at net.sf.cglib.core.KeyFactory.create(KeyFactory.java:149)&#xd;&#xa;&#x9;at net.sf.cglib.proxy.Enhancer.&lt;clinit&gt;(Enhancer.java:96)&#xd;&#xa;&#x9;at org.jmock.cglib.CGLIBCoreMock.&lt;init&gt;(CGLIBCoreMock.java:48)&#xd;&#xa;&#x9;at org.jmock.cglib.CGLIBCoreMock.&lt;init&gt;(CGLIBCoreMock.java:37)&#xd;&#xa;&#x9;at org.jmock.cglib.CGLIBCoreMock.&lt;init&gt;(CGLIBCoreMock.java:26)&#xd;&#xa;&#x9;at org.jmock.cglib.MockObjectTestCase.newCoreMock(MockObjectTestCase.java:33)&#xd;&#xa;&#x9;at org.jmock.MockObjectTestCase.mock(MockObjectTestCase.java:57)&#xd;&#xa;&#x9;at org.jmock.MockObjectTestCase.mock(MockObjectTestCase.java:45)&#xd;&#xa;&#x9;at test.tinyuml.ui.diagram.commands.AddConnectionCommandTest.&lt;init&gt;(AddConnectionCommandTest.java:36)&#xd;&#xa;&#x9;at java.base/jdk.internal.reflect.NativeConstructorAccessorImpl.newInstance0(Native Method)&#xd;&#xa;&#x9;at java.base/jdk.internal.reflect.NativeConstructorAccessorImpl.newInstance(NativeConstructorAccessorImpl.java:77)&#xd;&#xa;&#x9;at java.base/jdk.internal.reflect.DelegatingConstructorAccessorImpl.newInstance(DelegatingConstructorAccessorImpl.java:45)&#xd;&#xa;&#x9;at java.base/java.lang.reflect.Constructor.newInstanceWithCaller(Constructor.java:499)&#xd;&#xa;&#x9;at java.base/java.lang.reflect.Constructor.newInstance(Constructor.java:480)&#xd;&#xa;&#x9;at junit.framework.TestSuite.createTest(TestSuite.java:131)&#xd;&#xa;&#x9;at junit.framework.TestSuite.addTestMethod(TestSuite.java:114)&#xd;&#xa;&#x9;at junit.framework.TestSuite.&lt;init&gt;(TestSuite.java:75)&#xd;&#xa;&#x9;at org.apache.tools.ant.taskdefs.optional.junit.JUnitTestRunner.run(JUnitTestRunner.java:505)&#xd;&#xa;&#x9;at org.apache.tools.ant.taskdefs.optional.junit.JUnitTestRunner.launch(JUnitTestRunner.java:1197)&#xd;&#xa;&#x9;at org.apache.tools.ant.taskdefs.optional.junit.JUnitTestRunner.main(JUnitTestRunner.java:1042)&#xd;&#xa;Caused by: java.lang.reflect.InaccessibleObjectException: Unable to make protected final java.lang.Class java.lang.ClassLoader.defineClass(java.lang.String,byte[],int,int,java.security.ProtectionDomain) throws java.lang.ClassFormatError accessible: module java.base does not &quot;opens java.lang&quot; to unnamed module @de0a01f&#xd;&#xa;&#x9;at java.base/java.lang.reflect.AccessibleObject.checkCanSetAccessible(AccessibleObject.java:354)&#xd;&#xa;&#x9;at java.base/java.lang.reflect.AccessibleObject.checkCanSetAccessible(AccessibleObject.java:297)&#xd;&#xa;&#x9;at java.base/java.lang.reflect.Method.checkCanSetAccessible(Method.java:199)&#xd;&#xa;&#x9;at java.base/java.lang.reflect.Method.setAccessible(Method.java:193)&#xd;&#xa;&#x9;at net.sf.cglib.core.ReflectUtils$2.run(ReflectUtils.java:91)&#xd;&#xa;&#x9;at java.base/java.security.AccessController.doPrivileged(AccessController.java:318)&#xd;&#xa;&#x9;at net.sf.cglib.core.ReflectUtils.&lt;clinit&gt;(ReflectUtils.java:84)&#xd;&#xa;&#x9;... 24 more&#xd;&#xa;)" type="junit.framework.AssertionFailedError">junit.framework.AssertionFailedError: Exception in constructor: testRedo (java.lang.ExceptionInInitializerError
	at net.sf.cglib.core.KeyFactory$Generator.generateClass(KeyFactory.java:199)
	at net.sf.cglib.core.DefaultGeneratorStrategy.generate(DefaultGeneratorStrategy.java:63)
	at net.sf.cglib.core.AbstractClassGenerator.create(AbstractClassGenerator.java:190)
	at net.sf.cglib.core.KeyFactory$Generator.create(KeyFactory.java:177)
	at net.sf.cglib.core.KeyFactory.create(KeyFactory.java:149)
	at net.sf.cglib.proxy.Enhancer.&lt;clinit&gt;(Enhancer.java:96)
	at org.jmock.cglib.CGLIBCoreMock.&lt;init&gt;(CGLIBCoreMock.java:48)
	at org.jmock.cglib.CGLIBCoreMock.&lt;init&gt;(CGLIBCoreMock.java:37)
	at org.jmock.cglib.CGLIBCoreMock.&lt;init&gt;(CGLIBCoreMock.java:26)
	at org.jmock.cglib.MockObjectTestCase.newCoreMock(MockObjectTestCase.java:33)
	at org.jmock.MockObjectTestCase.mock(MockObjectTestCase.java:57)
	at org.jmock.MockObjectTestCase.mock(MockObjectTestCase.java:45)
	at test.tinyuml.ui.diagram.commands.AddConnectionCommandTest.&lt;init&gt;(AddConnectionCommandTest.java:36)
	at java.base/jdk.internal.reflect.NativeConstructorAccessorImpl.newInstance0(Native Method)
	at java.base/jdk.internal.reflect.NativeConstructorAccessorImpl.newInstance(NativeConstructorAccessorImpl.java:77)
	at java.base/jdk.internal.reflect.DelegatingConstructorAccessorImpl.newInstance(DelegatingConstructorAccessorImpl.java:45)
	at java.base/java.lang.reflect.Constructor.newInstanceWithCaller(Constructor.java:499)
	at java.base/java.lang.reflect.Constructor.newInstance(Constructor.java:480)
Caused by: java.lang.reflect.InaccessibleObjectException: Unable to make protected final java.lang.Class java.lang.ClassLoader.defineClass(java.lang.String,byte[],int,int,java.security.ProtectionDomain) throws java.lang.ClassFormatError accessible: module java.base does not &quot;opens java.lang&quot; to unnamed module @de0a01f
	at java.base/java.lang.reflect.AccessibleObject.checkCanSetAccessible(AccessibleObject.java:354)
	at java.base/java.lang.reflect.AccessibleObject.checkCanSetAccessible(AccessibleObject.java:297)
	at java.base/java.lang.reflect.Method.checkCanSetAccessible(Method.java:199)
	at java.base/java.lang.reflect.Method.setAccessible(Method.java:193)
	at net.sf.cglib.core.ReflectUtils$2.run(ReflectUtils.java:91)
	at java.base/java.security.AccessController.doPrivileged(AccessController.java:318)
	at net.sf.cglib.core.ReflectUtils.&lt;clinit&gt;(ReflectUtils.java:84)
)
</failure>
  </testcase>
  <testcase classname="junit.framework.TestSuite$1" name="warning" time="0.009">
    <failure message="Exception in constructor: testUndo (java.lang.NoClassDefFoundError: Could not initialize class net.sf.cglib.proxy.Enhancer&#xd;&#xa;&#x9;at org.jmock.cglib.CGLIBCoreMock.&lt;init&gt;(CGLIBCoreMock.java:48)&#xd;&#xa;&#x9;at org.jmock.cglib.CGLIBCoreMock.&lt;init&gt;(CGLIBCoreMock.java:37)&#xd;&#xa;&#x9;at org.jmock.cglib.CGLIBCoreMock.&lt;init&gt;(CGLIBCoreMock.java:26)&#xd;&#xa;&#x9;at org.jmock.cglib.MockObjectTestCase.newCoreMock(MockObjectTestCase.java:33)&#xd;&#xa;&#x9;at org.jmock.MockObjectTestCase.mock(MockObjectTestCase.java:57)&#xd;&#xa;&#x9;at org.jmock.MockObjectTestCase.mock(MockObjectTestCase.java:45)&#xd;&#xa;&#x9;at test.tinyuml.ui.diagram.commands.AddConnectionCommandTest.&lt;init&gt;(AddConnectionCommandTest.java:36)&#xd;&#xa;&#x9;at java.base/jdk.internal.reflect.NativeConstructorAccessorImpl.newInstance0(Native Method)&#xd;&#xa;&#x9;at java.base/jdk.internal.reflect.NativeConstructorAccessorImpl.newInstance(NativeConstructorAccessorImpl.java:77)&#xd;&#xa;&#x9;at java.base/jdk.internal.reflect.DelegatingConstructorAccessorImpl.newInstance(DelegatingConstructorAccessorImpl.java:45)&#xd;&#xa;&#x9;at java.base/java.lang.reflect.Constructor.newInstanceWithCaller(Constructor.java:499)&#xd;&#xa;&#x9;at java.base/java.lang.reflect.Constructor.newInstance(Constructor.java:480)&#xd;&#xa;&#x9;at junit.framework.TestSuite.createTest(TestSuite.java:131)&#xd;&#xa;&#x9;at junit.framework.TestSuite.addTestMethod(TestSuite.java:114)&#xd;&#xa;&#x9;at junit.framework.TestSuite.&lt;init&gt;(TestSuite.java:75)&#xd;&#xa;&#x9;at org.apache.tools.ant.taskdefs.optional.junit.JUnitTestRunner.run(JUnitTestRunner.java:505)&#xd;&#xa;&#x9;at org.apache.tools.ant.taskdefs.optional.junit.JUnitTestRunner.launch(JUnitTestRunner.java:1197)&#xd;&#xa;&#x9;at org.apache.tools.ant.taskdefs.optional.junit.JUnitTestRunner.main(JUnitTestRunner.java:1042)&#xd;&#xa;)" type="junit.framework.AssertionFailedError">junit.framework.AssertionFailedError: Exception in constructor: testUndo (java.lang.NoClassDefFoundError: Could not initialize class net.sf.cglib.proxy.Enhancer
	at org.jmock.cglib.CGLIBCoreMock.&lt;init&gt;(CGLIBCoreMock.java:48)
	at org.jmock.cglib.CGLIBCoreMock.&lt;init&gt;(CGLIBCoreMock.java:37)
	at org.jmock.cglib.CGLIBCoreMock.&lt;init&gt;(CGLIBCoreMock.java:26)
	at org.jmock.cglib.MockObjectTestCase.newCoreMock(MockObjectTestCase.java:33)
	at org.jmock.MockObjectTestCase.mock(MockObjectTestCase.java:57)
	at org.jmock.MockObjectTestCase.mock(MockObjectTestCase.java:45)
	at test.tinyuml.ui.diagram.commands.AddConnectionCommandTest.&lt;init&gt;(AddConnectionCommandTest.java:36)
	at java.base/jdk.internal.reflect.NativeConstructorAccessorImpl.newInstance0(Native Method)
	at java.base/jdk.internal.reflect.NativeConstructorAccessorImpl.newInstance(NativeConstructorAccessorImpl.java:77)
	at java.base/jdk.internal.reflect.DelegatingConstructorAccessorImpl.newInstance(DelegatingConstructorAccessorImpl.java:45)
	at java.base/java.lang.reflect.Constructor.newInstanceWithCaller(Constructor.java:499)
	at java.base/java.lang.reflect.Constructor.newInstance(Constructor.java:480)
)
</failure>
  </testcase>
  <testcase classname="junit.framework.TestSuite$1" name="warning" time="0.004">
    <failure message="Exception in constructor: testRun (java.lang.NoClassDefFoundError: Could not initialize class net.sf.cglib.proxy.Enhancer&#xd;&#xa;&#x9;at org.jmock.cglib.CGLIBCoreMock.&lt;init&gt;(CGLIBCoreMock.java:48)&#xd;&#xa;&#x9;at org.jmock.cglib.CGLIBCoreMock.&lt;init&gt;(CGLIBCoreMock.java:37)&#xd;&#xa;&#x9;at org.jmock.cglib.CGLIBCoreMock.&lt;init&gt;(CGLIBCoreMock.java:26)&#xd;&#xa;&#x9;at org.jmock.cglib.MockObjectTestCase.newCoreMock(MockObjectTestCase.java:33)&#xd;&#xa;&#x9;at org.jmock.MockObjectTestCase.mock(MockObjectTestCase.java:57)&#xd;&#xa;&#x9;at org.jmock.MockObjectTestCase.mock(MockObjectTestCase.java:45)&#xd;&#xa;&#x9;at test.tinyuml.ui.diagram.commands.AddConnectionCommandTest.&lt;init&gt;(AddConnectionCommandTest.java:36)&#xd;&#xa;&#x9;at java.base/jdk.internal.reflect.NativeConstructorAccessorImpl.newInstance0(Native Method)&#xd;&#xa;&#x9;at java.base/jdk.internal.reflect.NativeConstructorAccessorImpl.newInstance(NativeConstructorAccessorImpl.java:77)&#xd;&#xa;&#x9;at java.base/jdk.internal.reflect.DelegatingConstructorAccessorImpl.newInstance(DelegatingConstructorAccessorImpl.java:45)&#xd;&#xa;&#x9;at java.base/java.lang.reflect.Constructor.newInstanceWithCaller(Constructor.java:499)&#xd;&#xa;&#x9;at java.base/java.lang.reflect.Constructor.newInstance(Constructor.java:480)&#xd;&#xa;&#x9;at junit.framework.TestSuite.createTest(TestSuite.java:131)&#xd;&#xa;&#x9;at junit.framework.TestSuite.addTestMethod(TestSuite.java:114)&#xd;&#xa;&#x9;at junit.framework.TestSuite.&lt;init&gt;(TestSuite.java:75)&#xd;&#xa;&#x9;at org.apache.tools.ant.taskdefs.optional.junit.JUnitTestRunner.run(JUnitTestRunner.java:505)&#xd;&#xa;&#x9;at org.apache.tools.ant.taskdefs.optional.junit.JUnitTestRunner.launch(JUnitTestRunner.java:1197)&#xd;&#xa;&#x9;at org.apache.tools.ant.taskdefs.optional.junit.JUnitTestRunner.main(JUnitTestRunner.java:1042)&#xd;&#xa;)" type="junit.framework.AssertionFailedError">junit.framework.AssertionFailedError: Exception in constructor: testRun (java.lang.NoClassDefFoundError: Could not initialize class net.sf.cglib.proxy.Enhancer
	at org.jmock.cglib.CGLIBCoreMock.&lt;init&gt;(CGLIBCoreMock.java:48)
	at org.jmock.cglib.CGLIBCoreMock.&lt;init&gt;(CGLIBCoreMock.java:37)
	at org.jmock.cglib.CGLIBCoreMock.&lt;init&gt;(CGLIBCoreMock.java:26)
	at org.jmock.cglib.MockObjectTestCase.newCoreMock(MockObjectTestCase.java:33)
	at org.jmock.MockObjectTestCase.mock(MockObjectTestCase.java:57)
	at org.jmock.MockObjectTestCase.mock(MockObjectTestCase.java:45)
	at test.tinyuml.ui.diagram.commands.AddConnectionCommandTest.&lt;init&gt;(AddConnectionCommandTest.java:36)
	at java.base/jdk.internal.reflect.NativeConstructorAccessorImpl.newInstance0(Native Method)
	at java.base/jdk.internal.reflect.NativeConstructorAccessorImpl.newInstance(NativeConstructorAccessorImpl.java:77)
	at java.base/jdk.internal.reflect.DelegatingConstructorAccessorImpl.newInstance(DelegatingConstructorAccessorImpl.java:45)
	at java.base/java.lang.reflect.Constructor.newInstanceWithCaller(Constructor.java:499)
	at java.base/java.lang.reflect.Constructor.newInstance(Constructor.java:480)
)
</failure>
  </testcase>
  <system-out><![CDATA[]]></system-out>
  <system-err><![CDATA[]]></system-err>
</testsuite>
